INFO:sim:172 - Generating IP...
Applying current project options...
Finished applying current project options.
WARNING:sim - A core named 'MemoryCore' already exists in the project. Output
   products for this core may be overwritten.
Resolving generics for 'MemoryCore'...
WARNING:sim - A core named 'MemoryCore' already exists in the project. Output
   products for this core may be overwritten.
Applying external generics to 'MemoryCore'...
Delivering associated files for 'MemoryCore'...
Delivering EJava files for 'MemoryCore'...
Generating implementation netlist for 'MemoryCore'...
INFO:sim - Pre-processing HDL files for 'MemoryCore'...
Running synthesis for 'MemoryCore'
Running ngcbuild...
Writing VEO instantiation template for 'MemoryCore'...
Writing Verilog behavioral simulation model for 'MemoryCore'...
WARNING:sim - Overwriting existing file H:/CS 3710/Cotter1
   Project/Cotter1/ipcore_dir/tmp/_cg/MemoryCore/doc/blk_mem_gen_v7_3_vinfo.html
   with file from view xilinx_documentation
Delivered 1 file into directory H:/CS 3710/Cotter1
Project/Cotter1/ipcore_dir/tmp/_cg/MemoryCore
Generating ASY schematic symbol...
INFO:sim:949 - Finished generation of ASY schematic symbol.
Generating SYM schematic symbol for 'MemoryCore'...
Generating metadata file...
Regenerating ISE project file for 'MemoryCore'...
Generating ISE project...
XCO file found: MemoryCore.xco
XMDF file found: MemoryCore_xmdf.tcl
Adding H:/CS 3710/Cotter1 Project/Cotter1/ipcore_dir/tmp/_cg/MemoryCore.asy
-view all -origin_type imported
Adding H:/CS 3710/Cotter1 Project/Cotter1/ipcore_dir/tmp/_cg/MemoryCore.ngc
-view all -origin_type created
Checking file "H:/CS 3710/Cotter1
Project/Cotter1/ipcore_dir/tmp/_cg/MemoryCore.ngc" for project device match ...
File "H:/CS 3710/Cotter1 Project/Cotter1/ipcore_dir/tmp/_cg/MemoryCore.ngc"
device information matches project device.
Adding H:/CS 3710/Cotter1 Project/Cotter1/ipcore_dir/tmp/_cg/MemoryCore.sym
-view all -origin_type imported
Adding H:/CS 3710/Cotter1 Project/Cotter1/ipcore_dir/tmp/_cg/MemoryCore.v -view
all -origin_type created
INFO:HDLCompiler:1845 - Analyzing Verilog file "H:/CS 3710/Cotter1
   Project/Cotter1/ipcore_dir/tmp/_cg/MemoryCore.v" into library work
INFO:ProjectMgmt - Parsing design hierarchy completed successfully.
Adding H:/CS 3710/Cotter1 Project/Cotter1/ipcore_dir/tmp/_cg/MemoryCore.veo
-view all -origin_type imported
INFO:TclTasksC:2116 - The automatic calculation of top has been turned-off.
   Please set the new top explicitly by running the "project set top" command.
   To re-calculate the new top automatically, set the "Auto Implementation Top"
   property to true.
Top level has been set to "/MemoryCore"
Generating README file...
Generating FLIST file...
INFO:sim:948 - Finished FLIST file generation.
Launching README viewer...
Moving files to output directory...
Finished moving files to output directory
Wrote CGP file for project 'MemoryCore'.
