
****** PlanAhead v14.7 (64-bit)
  **** Build 321239 by xbuild on Fri Sep 27 19:29:51 MDT 2013
    ** Copyright 1986-1999, 2001-2013 Xilinx, Inc. All Rights Reserved.

INFO: [Common 17-78] Attempting to get a license: PlanAhead
INFO: [Common 17-290] Got license for PlanAhead
INFO: [Device 21-36] Loading parts and site information from C:/Xilinx/14.7/ISE_DS/PlanAhead/data/parts/arch.xml
Parsing RTL primitives file [C:/Xilinx/14.7/ISE_DS/PlanAhead/data/parts/xilinx/rtl/prims/rtl_prims.xml]
Finished parsing RTL primitives file [C:/Xilinx/14.7/ISE_DS/PlanAhead/data/parts/xilinx/rtl/prims/rtl_prims.xml]
start_gui
source {H:/CS 3710/Cotter1 Project/Cotter1/pa.fromHdl.tcl}
# create_project -name Cotter1 -dir "H:/CS 3710/Cotter1 Project/Cotter1/planAhead_run_2" -part xc6slx16csg324-3
# set_param project.pinAheadLayout yes
# set srcset [get_property srcset [current_run -impl]]
# set_property target_constrs_file "wired_together.ucf" [current_fileset -constrset]
Adding file 'H:/CS 3710/Cotter1 Project/Cotter1/wired_together.ucf' to fileset 'constrs_1'
# add_files [list {ipcore_dir/MemoryCore.ngc}]
# set hdlfile [add_files [list {ipcore_dir/MemoryCore.v}]]
# set_property file_type Verilog $hdlfile
# set_property library work $hdlfile
# set hdlfile [add_files [list {vgaSource.v}]]
# set_property file_type Verilog $hdlfile
# set_property library work $hdlfile
# set hdlfile [add_files [list {sevenSegmenDisplay.v}]]
# set_property file_type Verilog $hdlfile
# set_property library work $hdlfile
# set hdlfile [add_files [list {Debouncer.v}]]
# set_property file_type Verilog $hdlfile
# set_property library work $hdlfile
# set hdlfile [add_files [list {CPU_Set.v}]]
# set_property file_type Verilog $hdlfile
# set_property library work $hdlfile
# set hdlfile [add_files [list {Control.v}]]
# set_property file_type Verilog $hdlfile
# set_property library work $hdlfile
# set hdlfile [add_files [list {bin16ToBCD.v}]]
# set_property file_type Verilog $hdlfile
# set_property library work $hdlfile
# set hdlfile [add_files [list {wired_together.v}]]
# set_property file_type Verilog $hdlfile
# set_property library work $hdlfile
# set_property top wired_together $srcset
# add_files [list {wired_together.ucf}] -fileset [get_property constrset [current_run]]
# add_files [list {ipcore_dir/core_one.ncf}] -fileset [get_property constrset [current_run]]
# add_files [list {ipcore_dir/MemoryCore.ncf}] -fileset [get_property constrset [current_run]]
# open_rtl_design -part xc6slx16csg324-3
Using Verific elaboration
Parsing VHDL file "C:/Xilinx/14.7/ISE_DS/PlanAhead/data/parts/xilinx/rtl/lib/synplify/synattr.vhd" into library synplify
Analyzing Verilog file "H:/CS 3710/Cotter1 Project/Cotter1/ipcore_dir/MemoryCore.v" into library work
Analyzing Verilog file "H:/CS 3710/Cotter1 Project/Cotter1/vgaSource.v" into library work
Analyzing Verilog file "H:/CS 3710/Cotter1 Project/Cotter1/sevenSegmenDisplay.v" into library work
Analyzing Verilog file "H:/CS 3710/Cotter1 Project/Cotter1/Debouncer.v" into library work
Analyzing Verilog file "H:/CS 3710/Cotter1 Project/Cotter1/CPU_Set.v" into library work
Analyzing Verilog file "H:/CS 3710/Cotter1 Project/Cotter1/Control.v" into library work
Analyzing Verilog file "H:/CS 3710/Cotter1 Project/Cotter1/bin16ToBCD.v" into library work
Analyzing Verilog file "H:/CS 3710/Cotter1 Project/Cotter1/wired_together.v" into library work
Release 14.7 - ngc2edif P.20131013 (nt64)
Copyright (c) 1995-2013 Xilinx, Inc.  All rights reserved.
Reading design MemoryCore.ngc ...
WARNING:NetListWriters:298 - No output is written to MemoryCore.xncf, ignored.
Processing design ...
   Preping design's networks ...
   Preping design's macros ...
  finished :Prep
Writing EDIF netlist file MemoryCore.edif ...
ngc2edif: Total memory usage is 79032 kilobytes

Reading core file 'H:/CS 3710/Cotter1 Project/Cotter1/ipcore_dir/MemoryCore.ngc' for (cell view 'MemoryCore', library 'work', file 'MemoryCore.v')
Parsing EDIF File [./.Xil/PlanAhead-7652-DT-Shawns1/ngc2edif/MemoryCore.edif]
Finished Parsing EDIF File [./.Xil/PlanAhead-7652-DT-Shawns1/ngc2edif/MemoryCore.edif]
Loading clock regions from C:/Xilinx/14.7/ISE_DS/PlanAhead/data\parts/xilinx/spartan6/spartan6lx/xc6slx16/ClockRegion.xml
Loading clock buffers from C:/Xilinx/14.7/ISE_DS/PlanAhead/data\parts/xilinx/spartan6/spartan6lx/xc6slx16/ClockBuffers.xml
Loading package pin functions from C:/Xilinx/14.7/ISE_DS/PlanAhead/data\parts/xilinx/spartan6/PinFunctions.xml...
Loading package from C:/Xilinx/14.7/ISE_DS/PlanAhead/data\parts/xilinx/spartan6/spartan6lx/xc6slx16/csg324/Package.xml
Loading io standards from C:/Xilinx/14.7/ISE_DS/PlanAhead/data\./parts/xilinx/spartan6/IOStandards.xml
Loading device configuration modes from C:/Xilinx/14.7/ISE_DS/PlanAhead/data\parts/xilinx/spartan6/ConfigModes.xml
Loading list of drcs for the architecture : C:/Xilinx/14.7/ISE_DS/PlanAhead/data\./parts/xilinx/spartan6/drc.xml
Parsing UCF File [H:/CS 3710/Cotter1 Project/Cotter1/wired_together.ucf]
Finished Parsing UCF File [H:/CS 3710/Cotter1 Project/Cotter1/wired_together.ucf]
INFO: [Project 1-111] Unisim Transformation Summary:
No Unisim elements were transformed.

Phase 0 | Netlist Checksum: 9956b428
open_rtl_design: Time (s): elapsed = 00:00:20 . Memory (MB): peak = 641.832 ; gain = 209.879
update_compile_order -fileset sim_1
startgroup
set_property package_pin C9 [get_ports {buttons[4]}]
endgroup
save_constraints
exit
ERROR: [Common 17-39] 'stop_gui' failed due to earlier errors.
INFO: [Common 17-206] Exiting PlanAhead at Fri Oct 21 15:19:54 2016...
INFO: [Common 17-83] Releasing license: PlanAhead
